Arguments: 
  /Users/bingneef/.asdf/installs/nodejs/8.11.3/bin/node /usr/local/Cellar/yarn/1.12.3/libexec/bin/yarn.js install

PATH: 
  /usr/local/opt/openssl/bin:/Users/bingneef/.asdf/shims:/Users/bingneef/.asdf/shims:/Users/bingneef/.asdf/bin:/usr/local/bin:/usr/bin:/bin:/usr/sbin:/sbin:/Library/Frameworks/Mono.framework/Versions/Current/Commands

Yarn version: 
  1.12.3

Node version: 
  8.11.3

Platform: 
  darwin x64

Trace: 
  SyntaxError: /Users/bingneef/Documents/github/lab/frontmania/package.json: Unexpected token } in JSON at position 113
      at JSON.parse (<anonymous>)
      at /usr/local/Cellar/yarn/1.12.3/libexec/lib/cli.js:1631:59
      at Generator.next (<anonymous>)
      at step (/usr/local/Cellar/yarn/1.12.3/libexec/lib/cli.js:304:30)
      at /usr/local/Cellar/yarn/1.12.3/libexec/lib/cli.js:315:13
      at <anonymous>

npm manifest: 
  {
    "name": "test",
    "version": "0.1.0",
    "private": true,
    "dependencies": {
      "react-scripts": "2.1.1",
    },
    "scripts": {
      "test:integration": "jest -c __tests__/e2e/jest.config.js",
      "docker:test:integration": "yarn wait-on -l http-get://mock_build:5000 && APP_URL=http://mock_build:5000 yarn test:integration"
    },
    "devDependencies": {
      "jest-puppeteer": "^3.6.0",
      "puppeteer": "^1.11.0",
      "wait-on": "^3.2.0"
    }
  }

yarn manifest: 
  No manifest

Lockfile: 
  No lockfile
